This is pdfTeX, Version 3.1415926-2.5-1.40.14 (MiKTeX 2.9 64-bit) (preloaded format=pdflatex 2013.10.8)  9 APR 2019 16:34
entering extended mode
**D:/My*Documents/Desktop/Vorticity_and_Statistics_Project_Git_Clone/Writeup/ra
ndom_vorticity.tex

("D:/My Documents/Desktop/Vorticity_and_Statistics_Project_Git_Clone/Writeup/ra
ndom_vorticity.tex"
LaTeX2e <2011/06/27>
Babel <v3.8m> and hyphenation patterns for english, afrikaans, ancientgreek, ar
abic, armenian, assamese, basque, bengali, bokmal, bulgarian, catalan, coptic, 
croatian, czech, danish, dutch, esperanto, estonian, farsi, finnish, french, ga
lician, german, german-x-2013-05-26, greek, gujarati, hindi, hungarian, iceland
ic, indonesian, interlingua, irish, italian, kannada, kurmanji, latin, latvian,
 lithuanian, malayalam, marathi, mongolian, mongolianlmc, monogreek, ngerman, n
german-x-2013-05-26, nynorsk, oriya, panjabi, pinyin, polish, portuguese, roman
ian, russian, sanskrit, serbian, slovak, slovenian, spanish, swedish, swissgerm
an, tamil, telugu, turkish, turkmen, ukenglish, ukrainian, uppersorbian, usengl
ishmax, welsh, loaded.
("C:\Program Files\MiKTeX 2.9\tex\latex\base\article.cls"
Document Class: article 2007/10/19 v1.4h Standard LaTeX document class
("C:\Program Files\MiKTeX 2.9\tex\latex\base\size11.clo"
File: size11.clo 2007/10/19 v1.4h Standard LaTeX file (size option)
)
\c@part=\count79
\c@section=\count80
\c@subsection=\count81
\c@subsubsection=\count82
\c@paragraph=\count83
\c@subparagraph=\count84
\c@figure=\count85
\c@table=\count86
\abovecaptionskip=\skip41
\belowcaptionskip=\skip42
\bibindent=\dimen102
)
("C:\Program Files\MiKTeX 2.9\tex\latex\amsmath\amsmath.sty"
Package: amsmath 2013/01/14 v2.14 AMS math features
\@mathmargin=\skip43

For additional information on amsmath, use the `?' option.
("C:\Program Files\MiKTeX 2.9\tex\latex\amsmath\amstext.sty"
Package: amstext 2000/06/29 v2.01

("C:\Program Files\MiKTeX 2.9\tex\latex\amsmath\amsgen.sty"
File: amsgen.sty 1999/11/30 v2.0
\@emptytoks=\toks14
\ex@=\dimen103
))
("C:\Program Files\MiKTeX 2.9\tex\latex\amsmath\amsbsy.sty"
Package: amsbsy 1999/11/29 v1.2d
\pmbraise@=\dimen104
)
("C:\Program Files\MiKTeX 2.9\tex\latex\amsmath\amsopn.sty"
Package: amsopn 1999/12/14 v2.01 operator names
)
\inf@bad=\count87
LaTeX Info: Redefining \frac on input line 210.
\uproot@=\count88
\leftroot@=\count89
LaTeX Info: Redefining \overline on input line 306.
\classnum@=\count90
\DOTSCASE@=\count91
LaTeX Info: Redefining \ldots on input line 378.
LaTeX Info: Redefining \dots on input line 381.
LaTeX Info: Redefining \cdots on input line 466.
\Mathstrutbox@=\box26
\strutbox@=\box27
\big@size=\dimen105
LaTeX Font Info:    Redeclaring font encoding OML on input line 566.
LaTeX Font Info:    Redeclaring font encoding OMS on input line 567.
\macc@depth=\count92
\c@MaxMatrixCols=\count93
\dotsspace@=\muskip10
\c@parentequation=\count94
\dspbrk@lvl=\count95
\tag@help=\toks15
\row@=\count96
\column@=\count97
\maxfields@=\count98
\andhelp@=\toks16
\eqnshift@=\dimen106
\alignsep@=\dimen107
\tagshift@=\dimen108
\tagwidth@=\dimen109
\totwidth@=\dimen110
\lineht@=\dimen111
\@envbody=\toks17
\multlinegap=\skip44
\multlinetaggap=\skip45
\mathdisplay@stack=\toks18
LaTeX Info: Redefining \[ on input line 2665.
LaTeX Info: Redefining \] on input line 2666.
)
("C:\Program Files\MiKTeX 2.9\tex\latex\amsfonts\amssymb.sty"
Package: amssymb 2013/01/14 v3.01 AMS font symbols

("C:\Program Files\MiKTeX 2.9\tex\latex\amsfonts\amsfonts.sty"
Package: amsfonts 2013/01/14 v3.01 Basic AMSFonts support
\symAMSa=\mathgroup4
\symAMSb=\mathgroup5
LaTeX Font Info:    Overwriting math alphabet `\mathfrak' in version `bold'
(Font)                  U/euf/m/n --> U/euf/b/n on input line 106.
))
("C:\Program Files\MiKTeX 2.9\tex\latex\graphics\graphicx.sty"
Package: graphicx 1999/02/16 v1.0f Enhanced LaTeX Graphics (DPC,SPQR)

("C:\Program Files\MiKTeX 2.9\tex\latex\graphics\keyval.sty"
Package: keyval 1999/03/16 v1.13 key=value parser (DPC)
\KV@toks@=\toks19
)
("C:\Program Files\MiKTeX 2.9\tex\latex\graphics\graphics.sty"
Package: graphics 2009/02/05 v1.0o Standard LaTeX Graphics (DPC,SPQR)

("C:\Program Files\MiKTeX 2.9\tex\latex\graphics\trig.sty"
Package: trig 1999/03/16 v1.09 sin cos tan (DPC)
)
("C:\Program Files\MiKTeX 2.9\tex\latex\00miktex\graphics.cfg"
File: graphics.cfg 2007/01/18 v1.5 graphics configuration of teTeX/TeXLive
)
Package graphics Info: Driver file: pdftex.def on input line 91.

("C:\Program Files\MiKTeX 2.9\tex\latex\pdftex-def\pdftex.def"
File: pdftex.def 2011/05/27 v0.06d Graphics/color for pdfTeX

("C:\Program Files\MiKTeX 2.9\tex\generic\oberdiek\infwarerr.sty"
Package: infwarerr 2010/04/08 v1.3 Providing info/warning/error messages (HO)
)
("C:\Program Files\MiKTeX 2.9\tex\generic\oberdiek\ltxcmds.sty"
Package: ltxcmds 2011/11/09 v1.22 LaTeX kernel commands for general use (HO)
)
\Gread@gobject=\count99
))
\Gin@req@height=\dimen112
\Gin@req@width=\dimen113
)
("C:\Program Files\MiKTeX 2.9\tex\latex\oberdiek\epstopdf.sty"
Package: epstopdf 2010/02/09 v2.5 Conversion with epstopdf on the fly (HO)

("C:\Program Files\MiKTeX 2.9\tex\latex\oberdiek\epstopdf-base.sty"
Package: epstopdf-base 2010/02/09 v2.5 Base part for package epstopdf

("C:\Program Files\MiKTeX 2.9\tex\latex\oberdiek\grfext.sty"
Package: grfext 2010/08/19 v1.1 Manage graphics extensions (HO)

("C:\Program Files\MiKTeX 2.9\tex\generic\oberdiek\kvdefinekeys.sty"
Package: kvdefinekeys 2011/04/07 v1.3 Define keys (HO)
))
("C:\Program Files\MiKTeX 2.9\tex\latex\oberdiek\kvoptions.sty"
Package: kvoptions 2011/06/30 v3.11 Key value format for package options (HO)

("C:\Program Files\MiKTeX 2.9\tex\generic\oberdiek\kvsetkeys.sty"
Package: kvsetkeys 2012/04/25 v1.16 Key value parser (HO)

("C:\Program Files\MiKTeX 2.9\tex\generic\oberdiek\etexcmds.sty"
Package: etexcmds 2011/02/16 v1.5 Avoid name clashes with e-TeX commands (HO)

("C:\Program Files\MiKTeX 2.9\tex\generic\oberdiek\ifluatex.sty"
Package: ifluatex 2010/03/01 v1.3 Provides the ifluatex switch (HO)
Package ifluatex Info: LuaTeX not detected.
)
Package etexcmds Info: Could not find \expanded.
(etexcmds)             That can mean that you are not using pdfTeX 1.50 or
(etexcmds)             that some package has redefined \expanded.
(etexcmds)             In the latter case, load this package earlier.
)))
("C:\Program Files\MiKTeX 2.9\tex\generic\oberdiek\pdftexcmds.sty"
Package: pdftexcmds 2011/11/29 v0.20 Utility functions of pdfTeX for LuaTeX (HO
)

("C:\Program Files\MiKTeX 2.9\tex\generic\oberdiek\ifpdf.sty"
Package: ifpdf 2011/01/30 v2.3 Provides the ifpdf switch (HO)
Package ifpdf Info: pdfTeX in PDF mode is detected.
)
Package pdftexcmds Info: LuaTeX not detected.
Package pdftexcmds Info: \pdf@primitive is available.
Package pdftexcmds Info: \pdf@ifprimitive is available.
Package pdftexcmds Info: \pdfdraftmode found.
)
Package grfext Info: Graphics extension search list:
(grfext)             [.png,.pdf,.jpg,.mps,.jpeg,.jbig2,.jb2,.PNG,.PDF,.JPG,.JPE
G,.JBIG2,.JB2,.eps]
(grfext)             \AppendGraphicsExtensions on input line 452.
))
("D:\My Documents\Desktop\Vorticity_and_Statistics_Project_Git_Clone\Writeup\ra
ndom_vorticity.aux")
LaTeX Font Info:    Checking defaults for OML/cmm/m/it on input line 50.
LaTeX Font Info:    ... okay on input line 50.
LaTeX Font Info:    Checking defaults for T1/cmr/m/n on input line 50.
LaTeX Font Info:    ... okay on input line 50.
LaTeX Font Info:    Checking defaults for OT1/cmr/m/n on input line 50.
LaTeX Font Info:    ... okay on input line 50.
LaTeX Font Info:    Checking defaults for OMS/cmsy/m/n on input line 50.
LaTeX Font Info:    ... okay on input line 50.
LaTeX Font Info:    Checking defaults for OMX/cmex/m/n on input line 50.
LaTeX Font Info:    ... okay on input line 50.
LaTeX Font Info:    Checking defaults for U/cmr/m/n on input line 50.
LaTeX Font Info:    ... okay on input line 50.

("C:\Program Files\MiKTeX 2.9\tex\context\base\supp-pdf.mkii"
[Loading MPS to PDF converter (version 2006.09.02).]
\scratchcounter=\count100
\scratchdimen=\dimen114
\scratchbox=\box28
\nofMPsegments=\count101
\nofMParguments=\count102
\everyMPshowfont=\toks20
\MPscratchCnt=\count103
\MPscratchDim=\dimen115
\MPnumerator=\count104
\makeMPintoPDFobject=\count105
\everyMPtoPDFconversion=\toks21
)
LaTeX Font Info:    Try loading font information for U+msa on input line 51.
 ("C:\Program Files\MiKTeX 2.9\tex\latex\amsfonts\umsa.fd"
File: umsa.fd 2013/01/14 v3.01 AMS symbols A
)
LaTeX Font Info:    Try loading font information for U+msb on input line 51.

("C:\Program Files\MiKTeX 2.9\tex\latex\amsfonts\umsb.fd"
File: umsb.fd 2013/01/14 v3.01 AMS symbols B
) [1

{C:/ProgramData/MiKTeX/2.9/pdftex/config/pdftex.map}] [2] [3] [4]
Package epstopdf Info: Source file: <omega_n1_ep0pt1_dt5en4.eps>
(epstopdf)                    date: 2019-03-08 12:17:18
(epstopdf)                    size: 32238 bytes
(epstopdf)             Output file: <omega_n1_ep0pt1_dt5en4-eps-converted-to.pd
f>
(epstopdf)                    date: 2019-03-08 12:28:57
(epstopdf)                    size: 8908 bytes
(epstopdf)             Command: <epstopdf --outfile=omega_n1_ep0pt1_dt5en4-eps-
converted-to.pdf omega_n1_ep0pt1_dt5en4.eps>
(epstopdf)             \includegraphics on input line 182.
Package epstopdf Info: Output file is already uptodate.

<omega_n1_ep0pt1_dt5en4-eps-converted-to.pdf, id=28, 794.97pt x 540.0175pt>
File: omega_n1_ep0pt1_dt5en4-eps-converted-to.pdf Graphic file (type pdf)

<use omega_n1_ep0pt1_dt5en4-eps-converted-to.pdf>
Package pdftex.def Info: omega_n1_ep0pt1_dt5en4-eps-converted-to.pdf used on in
put line 182.
(pdftex.def)             Requested size: 306.0022pt x 207.8703pt.
Package epstopdf Info: Source file: <omega_n1_ep0pt04.eps>
(epstopdf)                    date: 2019-03-08 12:20:36
(epstopdf)                    size: 33396 bytes
(epstopdf)             Output file: <omega_n1_ep0pt04-eps-converted-to.pdf>
(epstopdf)                    date: 2019-03-08 12:29:22
(epstopdf)                    size: 9345 bytes
(epstopdf)             Command: <epstopdf --outfile=omega_n1_ep0pt04-eps-conver
ted-to.pdf omega_n1_ep0pt04.eps>
(epstopdf)             \includegraphics on input line 184.
Package epstopdf Info: Output file is already uptodate.

<omega_n1_ep0pt04-eps-converted-to.pdf, id=29, 794.97pt x 540.0175pt>
File: omega_n1_ep0pt04-eps-converted-to.pdf Graphic file (type pdf)

<use omega_n1_ep0pt04-eps-converted-to.pdf>
Package pdftex.def Info: omega_n1_ep0pt04-eps-converted-to.pdf used on input li
ne 184.
(pdftex.def)             Requested size: 306.0022pt x 207.8703pt.
Package epstopdf Info: Source file: <omega_n1_ep0pt1_dt5en4_width12.eps>
(epstopdf)                    date: 2019-03-08 12:19:09
(epstopdf)                    size: 57822 bytes
(epstopdf)             Output file: <omega_n1_ep0pt1_dt5en4_width12-eps-convert
ed-to.pdf>
(epstopdf)                    date: 2019-03-08 12:28:57
(epstopdf)                    size: 18964 bytes
(epstopdf)             Command: <epstopdf --outfile=omega_n1_ep0pt1_dt5en4_widt
h12-eps-converted-to.pdf omega_n1_ep0pt1_dt5en4_width12.eps>
(epstopdf)             \includegraphics on input line 194.
Package epstopdf Info: Output file is already uptodate.

<omega_n1_ep0pt1_dt5en4_width12-eps-converted-to.pdf, id=30, 794.97pt x 540.017
5pt>
File: omega_n1_ep0pt1_dt5en4_width12-eps-converted-to.pdf Graphic file (type pd
f)
 <use omega_n1_ep0pt1_dt5en4_width12-eps-converted-to.pdf>
Package pdftex.def Info: omega_n1_ep0pt1_dt5en4_width12-eps-converted-to.pdf us
ed on input line 194.
(pdftex.def)             Requested size: 233.9978pt x 158.94946pt.
Package epstopdf Info: Source file: <omega_n1_ep0pt04_width12.eps>
(epstopdf)                    date: 2019-03-08 12:26:15
(epstopdf)                    size: 55080 bytes
(epstopdf)             Output file: <omega_n1_ep0pt04_width12-eps-converted-to.
pdf>
(epstopdf)                    date: 2019-03-08 12:29:23
(epstopdf)                    size: 17360 bytes
(epstopdf)             Command: <epstopdf --outfile=omega_n1_ep0pt04_width12-ep
s-converted-to.pdf omega_n1_ep0pt04_width12.eps>
(epstopdf)             \includegraphics on input line 196.
Package epstopdf Info: Output file is already uptodate.

<omega_n1_ep0pt04_width12-eps-converted-to.pdf, id=31, 794.97pt x 540.0175pt>
File: omega_n1_ep0pt04_width12-eps-converted-to.pdf Graphic file (type pdf)

<use omega_n1_ep0pt04_width12-eps-converted-to.pdf>
Package pdftex.def Info: omega_n1_ep0pt04_width12-eps-converted-to.pdf used on 
input line 196.
(pdftex.def)             Requested size: 233.9978pt x 158.94946pt.
 [5] [6 <D:/My Documents/Desktop/Vorticity_and_Statistics_Project_Git_Clone/Wri
teup/omega_n1_ep0pt1_dt5en4-eps-converted-to.pdf> <D:/My Documents/Desktop/Vort
icity_and_Statistics_Project_Git_Clone/Writeup/omega_n1_ep0pt04-eps-converted-t
o.pdf>]
Package epstopdf Info: Source file: <omega0_ep0pt1.eps>
(epstopdf)                    date: 2019-03-08 12:52:40
(epstopdf)                    size: 32954 bytes
(epstopdf)             Output file: <omega0_ep0pt1-eps-converted-to.pdf>
(epstopdf)                    date: 2019-03-08 13:05:26
(epstopdf)                    size: 9037 bytes
(epstopdf)             Command: <epstopdf --outfile=omega0_ep0pt1-eps-converted
-to.pdf omega0_ep0pt1.eps>
(epstopdf)             \includegraphics on input line 212.
Package epstopdf Info: Output file is already uptodate.

<omega0_ep0pt1-eps-converted-to.pdf, id=45, 794.97pt x 540.0175pt>
File: omega0_ep0pt1-eps-converted-to.pdf Graphic file (type pdf)

<use omega0_ep0pt1-eps-converted-to.pdf>
Package pdftex.def Info: omega0_ep0pt1-eps-converted-to.pdf used on input line 
212.
(pdftex.def)             Requested size: 306.0022pt x 207.8703pt.
Package epstopdf Info: Source file: <omega0_ep0pt04.eps>
(epstopdf)                    date: 2019-03-08 12:56:21
(epstopdf)                    size: 34759 bytes
(epstopdf)             Output file: <omega0_ep0pt04-eps-converted-to.pdf>
(epstopdf)                    date: 2019-03-08 13:05:27
(epstopdf)                    size: 9485 bytes
(epstopdf)             Command: <epstopdf --outfile=omega0_ep0pt04-eps-converte
d-to.pdf omega0_ep0pt04.eps>
(epstopdf)             \includegraphics on input line 214.
Package epstopdf Info: Output file is already uptodate.

<omega0_ep0pt04-eps-converted-to.pdf, id=46, 794.97pt x 540.0175pt>
File: omega0_ep0pt04-eps-converted-to.pdf Graphic file (type pdf)

<use omega0_ep0pt04-eps-converted-to.pdf>
Package pdftex.def Info: omega0_ep0pt04-eps-converted-to.pdf used on input line
 214.
(pdftex.def)             Requested size: 306.0022pt x 207.8703pt.
Package epstopdf Info: Source file: <omega0_ep0pt1_width6.eps>
(epstopdf)                    date: 2019-03-08 12:54:45
(epstopdf)                    size: 55352 bytes
(epstopdf)             Output file: <omega0_ep0pt1_width6-eps-converted-to.pdf>

(epstopdf)                    date: 2019-03-08 13:05:27
(epstopdf)                    size: 18032 bytes
(epstopdf)             Command: <epstopdf --outfile=omega0_ep0pt1_width6-eps-co
nverted-to.pdf omega0_ep0pt1_width6.eps>
(epstopdf)             \includegraphics on input line 224.
Package epstopdf Info: Output file is already uptodate.

<omega0_ep0pt1_width6-eps-converted-to.pdf, id=47, 794.97pt x 540.0175pt>
File: omega0_ep0pt1_width6-eps-converted-to.pdf Graphic file (type pdf)

<use omega0_ep0pt1_width6-eps-converted-to.pdf>
Package pdftex.def Info: omega0_ep0pt1_width6-eps-converted-to.pdf used on inpu
t line 224.
(pdftex.def)             Requested size: 233.9978pt x 158.94946pt.
Package epstopdf Info: Source file: <omega0_ep0pt04_width6.eps>
(epstopdf)                    date: 2019-03-08 12:57:07
(epstopdf)                    size: 54946 bytes
(epstopdf)             Output file: <omega0_ep0pt04_width6-eps-converted-to.pdf
>
(epstopdf)                    date: 2019-03-08 13:05:28
(epstopdf)                    size: 15341 bytes
(epstopdf)             Command: <epstopdf --outfile=omega0_ep0pt04_width6-eps-c
onverted-to.pdf omega0_ep0pt04_width6.eps>
(epstopdf)             \includegraphics on input line 226.
Package epstopdf Info: Output file is already uptodate.

<omega0_ep0pt04_width6-eps-converted-to.pdf, id=48, 794.97pt x 540.0175pt>
File: omega0_ep0pt04_width6-eps-converted-to.pdf Graphic file (type pdf)

<use omega0_ep0pt04_width6-eps-converted-to.pdf>
Package pdftex.def Info: omega0_ep0pt04_width6-eps-converted-to.pdf used on inp
ut line 226.
(pdftex.def)             Requested size: 233.9978pt x 158.94946pt.
 [7 <D:/My Documents/Desktop/Vorticity_and_Statistics_Project_Git_Clone/Writeup
/omega_n1_ep0pt1_dt5en4_width12-eps-converted-to.pdf> <D:/My Documents/Desktop/
Vorticity_and_Statistics_Project_Git_Clone/Writeup/omega_n1_ep0pt04_width12-eps
-converted-to.pdf>] [8 <D:/My Documents/Desktop/Vorticity_and_Statistics_Projec
t_Git_Clone/Writeup/omega0_ep0pt1-eps-converted-to.pdf> <D:/My Documents/Deskto
p/Vorticity_and_Statistics_Project_Git_Clone/Writeup/omega0_ep0pt04-eps-convert
ed-to.pdf>]
Package epstopdf Info: Source file: <omega1_ep0pt1.eps>
(epstopdf)                    date: 2019-03-08 12:59:11
(epstopdf)                    size: 31980 bytes
(epstopdf)             Output file: <omega1_ep0pt1-eps-converted-to.pdf>
(epstopdf)                    date: 2019-03-08 13:05:28
(epstopdf)                    size: 8709 bytes
(epstopdf)             Command: <epstopdf --outfile=omega1_ep0pt1-eps-converted
-to.pdf omega1_ep0pt1.eps>
(epstopdf)             \includegraphics on input line 240.
Package epstopdf Info: Output file is already uptodate.

<omega1_ep0pt1-eps-converted-to.pdf, id=68, 794.97pt x 540.0175pt>
File: omega1_ep0pt1-eps-converted-to.pdf Graphic file (type pdf)

<use omega1_ep0pt1-eps-converted-to.pdf>
Package pdftex.def Info: omega1_ep0pt1-eps-converted-to.pdf used on input line 
240.
(pdftex.def)             Requested size: 306.0022pt x 207.8703pt.
Package epstopdf Info: Source file: <omega1_ep0pt04.eps>
(epstopdf)                    date: 2019-03-08 13:00:39
(epstopdf)                    size: 33505 bytes
(epstopdf)             Output file: <omega1_ep0pt04-eps-converted-to.pdf>
(epstopdf)                    date: 2019-03-08 13:05:29
(epstopdf)                    size: 9131 bytes
(epstopdf)             Command: <epstopdf --outfile=omega1_ep0pt04-eps-converte
d-to.pdf omega1_ep0pt04.eps>
(epstopdf)             \includegraphics on input line 242.
Package epstopdf Info: Output file is already uptodate.

<omega1_ep0pt04-eps-converted-to.pdf, id=69, 794.97pt x 540.0175pt>
File: omega1_ep0pt04-eps-converted-to.pdf Graphic file (type pdf)

<use omega1_ep0pt04-eps-converted-to.pdf>
Package pdftex.def Info: omega1_ep0pt04-eps-converted-to.pdf used on input line
 242.
(pdftex.def)             Requested size: 306.0022pt x 207.8703pt.
Package epstopdf Info: Source file: <omega1_ep0pt1_width3.eps>
(epstopdf)                    date: 2019-03-08 12:59:54
(epstopdf)                    size: 55659 bytes
(epstopdf)             Output file: <omega1_ep0pt1_width3-eps-converted-to.pdf>

(epstopdf)                    date: 2019-03-08 13:05:29
(epstopdf)                    size: 16206 bytes
(epstopdf)             Command: <epstopdf --outfile=omega1_ep0pt1_width3-eps-co
nverted-to.pdf omega1_ep0pt1_width3.eps>
(epstopdf)             \includegraphics on input line 252.
Package epstopdf Info: Output file is already uptodate.

<omega1_ep0pt1_width3-eps-converted-to.pdf, id=70, 794.97pt x 540.0175pt>
File: omega1_ep0pt1_width3-eps-converted-to.pdf Graphic file (type pdf)

<use omega1_ep0pt1_width3-eps-converted-to.pdf>
Package pdftex.def Info: omega1_ep0pt1_width3-eps-converted-to.pdf used on inpu
t line 252.
(pdftex.def)             Requested size: 233.9978pt x 158.94946pt.
Package epstopdf Info: Source file: <omega1_ep0pt04_width3.eps>
(epstopdf)                    date: 2019-03-08 13:06:08
(epstopdf)                    size: 53880 bytes
(epstopdf)             Output file: <omega1_ep0pt04_width3-eps-converted-to.pdf
>
(epstopdf)                    date: 2019-03-08 13:06:11
(epstopdf)                    size: 13712 bytes
(epstopdf)             Command: <epstopdf --outfile=omega1_ep0pt04_width3-eps-c
onverted-to.pdf omega1_ep0pt04_width3.eps>
(epstopdf)             \includegraphics on input line 254.
Package epstopdf Info: Output file is already uptodate.

<omega1_ep0pt04_width3-eps-converted-to.pdf, id=71, 794.97pt x 540.0175pt>
File: omega1_ep0pt04_width3-eps-converted-to.pdf Graphic file (type pdf)

<use omega1_ep0pt04_width3-eps-converted-to.pdf>
Package pdftex.def Info: omega1_ep0pt04_width3-eps-converted-to.pdf used on inp
ut line 254.
(pdftex.def)             Requested size: 233.9978pt x 158.94946pt.

("D:\My Documents\Desktop\Vorticity_and_Statistics_Project_Git_Clone\Writeup\ra
ndom_vorticity.bbl" [9 <D:/My Documents/Desktop/Vorticity_and_Statistics_Projec
t_Git_Clone/Writeup/omega0_ep0pt1_width6-eps-converted-to.pdf> <D:/My Documents
/Desktop/Vorticity_and_Statistics_Project_Git_Clone/Writeup/omega0_ep0pt04_widt
h6-eps-converted-to.pdf>] [10 <D:/My Documents/Desktop/Vorticity_and_Statistics
_Project_Git_Clone/Writeup/omega1_ep0pt1-eps-converted-to.pdf> <D:/My Documents
/Desktop/Vorticity_and_Statistics_Project_Git_Clone/Writeup/omega1_ep0pt04-eps-
converted-to.pdf>] [11 <D:/My Documents/Desktop/Vorticity_and_Statistics_Projec
t_Git_Clone/Writeup/omega1_ep0pt1_width3-eps-converted-to.pdf> <D:/My Documents
/Desktop/Vorticity_and_Statistics_Project_Git_Clone/Writeup/omega1_ep0pt04_widt
h3-eps-converted-to.pdf>]) [12]
("D:\My Documents\Desktop\Vorticity_and_Statistics_Project_Git_Clone\Writeup\ra
ndom_vorticity.aux") ) 
Here is how much of TeX's memory you used:
 2507 strings out of 493921
 34599 string characters out of 3147276
 90909 words of memory out of 3000000
 5745 multiletter control sequences out of 15000+200000
 12319 words of font info for 46 fonts, out of 3000000 for 9000
 841 hyphenation exceptions out of 8191
 42i,12n,26p,1353b,306s stack positions out of 5000i,500n,10000p,200000b,50000s
<C:/Program Files/MiKTeX 2.9/fonts/type1/public/amsfonts/
cm/cmbx10.pfb><C:/Program Files/MiKTeX 2.9/fonts/type1/public/amsfonts/cm/cmbx1
2.pfb><C:/Program Files/MiKTeX 2.9/fonts/type1/public/amsfonts/cm/cmex10.pfb><C
:/Program Files/MiKTeX 2.9/fonts/type1/public/amsfonts/cm/cmmi10.pfb><C:/Progra
m Files/MiKTeX 2.9/fonts/type1/public/amsfonts/cm/cmmi12.pfb><C:/Program Files/
MiKTeX 2.9/fonts/type1/public/amsfonts/cm/cmmi6.pfb><C:/Program Files/MiKTeX 2.
9/fonts/type1/public/amsfonts/cm/cmmi8.pfb><C:/Program Files/MiKTeX 2.9/fonts/t
ype1/public/amsfonts/cm/cmr10.pfb><C:/Program Files/MiKTeX 2.9/fonts/type1/publ
ic/amsfonts/cm/cmr12.pfb><C:/Program Files/MiKTeX 2.9/fonts/type1/public/amsfon
ts/cm/cmr17.pfb><C:/Program Files/MiKTeX 2.9/fonts/type1/public/amsfonts/cm/cmr
6.pfb><C:/Program Files/MiKTeX 2.9/fonts/type1/public/amsfonts/cm/cmr8.pfb><C:/
Program Files/MiKTeX 2.9/fonts/type1/public/amsfonts/cm/cmsy10.pfb><C:/Program 
Files/MiKTeX 2.9/fonts/type1/public/amsfonts/cm/cmsy8.pfb><C:/Program Files/MiK
TeX 2.9/fonts/type1/public/amsfonts/cm/cmti10.pfb><C:/Program Files/MiKTeX 2.9/
fonts/type1/public/amsfonts/symbols/msbm10.pfb>
Output written on random_vorticity.pdf (12 pages, 342171 bytes).
PDF statistics:
 153 PDF objects out of 1000 (max. 8388607)
 0 named destinations out of 1000 (max. 500000)
 61 words of extra memory for PDF output out of 10000 (max. 10000000)

